<?xml version="1.0" encoding="UTF-8"?>
<testsuite name="com.mindex.challenge.service.impl.EmployeeServiceImplTest" tests="1" skipped="0" failures="0" errors="0" timestamp="2025-06-28T18:15:06" hostname="NX-NIX-2000.local" time="0.431">
  <properties/>
  <testcase name="testCreateReadUpdate" classname="com.mindex.challenge.service.impl.EmployeeServiceImplTest" time="0.431"/>
  <system-out><![CDATA[14:15:05.219 [Test worker] INFO org.springframework.test.context.support.AnnotationConfigContextLoaderUtils -- Could not detect default configuration classes for test class [com.mindex.challenge.service.impl.EmployeeServiceImplTest]: EmployeeServiceImplTest does not declare any static, non-private, non-final, nested classes annotated with @Configuration.
14:15:05.259 [Test worker] INFO org.springframework.boot.test.context.SpringBootTestContextBootstrapper -- Found @SpringBootConfiguration com.mindex.challenge.ChallengeApplication for test class com.mindex.challenge.service.impl.EmployeeServiceImplTest

  .   ____          _            __ _ _
 /\\ / ___'_ __ _ _(_)_ __  __ _ \ \ \ \
( ( )\___ | '_ | '_| | '_ \/ _` | \ \ \ \
 \\/  ___)| |_)| | | | | || (_| |  ) ) ) )
  '  |____| .__|_| |_|_| |_\__, | / / / /
 =========|_|==============|___/=/_/_/_/
 :: Spring Boot ::                (v3.2.3)

2025-06-28T14:15:05.394-04:00  INFO 45120 --- [    Test worker] c.m.c.s.impl.EmployeeServiceImplTest     : Starting EmployeeServiceImplTest using Java 17.0.15 with PID 45120 (started by kglenn in /Users/kglenn/IdeaProjects/mindex-code-challenge)
2025-06-28T14:15:05.395-04:00 DEBUG 45120 --- [    Test worker] c.m.c.s.impl.EmployeeServiceImplTest     : Running with Spring Boot v3.2.3, Spring v6.1.4
2025-06-28T14:15:05.395-04:00  INFO 45120 --- [    Test worker] c.m.c.s.impl.EmployeeServiceImplTest     : No active profile set, falling back to 1 default profile: "default"
2025-06-28T14:15:05.529-04:00  INFO 45120 --- [    Test worker] .s.d.r.c.RepositoryConfigurationDelegate : Bootstrapping Spring Data MongoDB repositories in DEFAULT mode.
2025-06-28T14:15:05.542-04:00  INFO 45120 --- [    Test worker] .s.d.r.c.RepositoryConfigurationDelegate : Finished Spring Data repository scanning in 11 ms. Found 1 MongoDB repository interface.
2025-06-28T14:15:05.739-04:00  INFO 45120 --- [    Test worker] o.s.b.w.embedded.tomcat.TomcatWebServer  : Tomcat initialized with port 0 (http)
2025-06-28T14:15:05.743-04:00  INFO 45120 --- [    Test worker] o.apache.catalina.core.StandardService   : Starting service [Tomcat]
2025-06-28T14:15:05.743-04:00  INFO 45120 --- [    Test worker] o.apache.catalina.core.StandardEngine    : Starting Servlet engine: [Apache Tomcat/10.1.19]
2025-06-28T14:15:05.766-04:00  INFO 45120 --- [    Test worker] o.a.c.c.C.[Tomcat].[localhost].[/]       : Initializing Spring embedded WebApplicationContext
2025-06-28T14:15:05.766-04:00  INFO 45120 --- [    Test worker] w.s.c.ServletWebServerApplicationContext : Root WebApplicationContext: initialization completed in 363 ms
2025-06-28T14:15:05.833-04:00  INFO 45120 --- [    Test worker] de.bwaldvogel.mongo.MongoServer          : started MongoServer(port: 59700, ssl: false)
2025-06-28T14:15:05.872-04:00  INFO 45120 --- [    Test worker] org.mongodb.driver.client                : MongoClient with metadata {"driver": {"name": "mongo-java-driver|sync", "version": "4.11.1"}, "os": {"type": "Darwin", "name": "Mac OS X", "architecture": "aarch64", "version": "15.5"}, "platform": "Java/Amazon.com Inc./17.0.15+6-LTS"} created with settings MongoClientSettings{readPreference=primary, writeConcern=WriteConcern{w=null, wTimeout=null ms, journal=null}, retryWrites=true, retryReads=true, readConcern=ReadConcern{level=null}, credential=null, transportSettings=null, streamFactoryFactory=null, commandListeners=[], codecRegistry=ProvidersCodecRegistry{codecProviders=[ValueCodecProvider{}, BsonValueCodecProvider{}, DBRefCodecProvider{}, DBObjectCodecProvider{}, DocumentCodecProvider{}, CollectionCodecProvider{}, IterableCodecProvider{}, MapCodecProvider{}, GeoJsonCodecProvider{}, GridFSFileCodecProvider{}, Jsr310CodecProvider{}, JsonObjectCodecProvider{}, BsonCodecProvider{}, EnumCodecProvider{}, com.mongodb.client.model.mql.ExpressionCodecProvider@46f73ffa, com.mongodb.Jep395RecordCodecProvider@41aebbb4, com.mongodb.KotlinCodecProvider@afde064]}, loggerSettings=LoggerSettings{maxDocumentLength=1000}, clusterSettings={hosts=[localhost:59700], srvServiceName=mongodb, mode=SINGLE, requiredClusterType=UNKNOWN, requiredReplicaSetName='null', serverSelector='null', clusterListeners='[]', serverSelectionTimeout='30000 ms', localThreshold='15 ms'}, socketSettings=SocketSettings{connectTimeoutMS=10000, readTimeoutMS=0, receiveBufferSize=0, proxySettings=ProxySettings{host=null, port=null, username=null, password=null}}, heartbeatSocketSettings=SocketSettings{connectTimeoutMS=10000, readTimeoutMS=10000, receiveBufferSize=0, proxySettings=ProxySettings{host=null, port=null, username=null, password=null}}, connectionPoolSettings=ConnectionPoolSettings{maxSize=100, minSize=0, maxWaitTimeMS=120000, maxConnectionLifeTimeMS=0, maxConnectionIdleTimeMS=0, maintenanceInitialDelayMS=0, maintenanceFrequencyMS=60000, connectionPoolListeners=[], maxConnecting=2}, serverSettings=ServerSettings{heartbeatFrequencyMS=10000, minHeartbeatFrequencyMS=500, serverListeners='[]', serverMonitorListeners='[]'}, sslSettings=SslSettings{enabled=false, invalidHostNameAllowed=false, context=null}, applicationName='null', compressorList=[], uuidRepresentation=UNSPECIFIED, serverApi=null, autoEncryptionSettings=null, dnsClient=null, inetAddressResolver=null, contextProvider=null}
2025-06-28T14:15:05.881-04:00  INFO 45120 --- [-server-worker1] d.b.mongo.wire.MongoWireProtocolHandler  : client [id: 0x0beb62c5, L:/127.0.0.1:59700 - R:/127.0.0.1:59701] connected
2025-06-28T14:15:05.881-04:00  INFO 45120 --- [-server-worker2] d.b.mongo.wire.MongoWireProtocolHandler  : client [id: 0x5fe8f3c2, L:/127.0.0.1:59700 - R:/127.0.0.1:59702] connected
2025-06-28T14:15:05.902-04:00  INFO 45120 --- [localhost:59700] org.mongodb.driver.cluster               : Monitor thread successfully connected to server with description ServerDescription{address=localhost:59700, type=STANDALONE, state=CONNECTED, ok=true, minWireVersion=0, maxWireVersion=6, maxDocumentSize=16777216, logicalSessionTimeoutMinutes=null, roundTripTimeNanos=27953833}
2025-06-28T14:15:06.020-04:00  INFO 45120 --- [-server-worker3] d.b.mongo.wire.MongoWireProtocolHandler  : client [id: 0x12170cb0, L:/127.0.0.1:59700 - R:/127.0.0.1:59703] connected
2025-06-28T14:15:06.031-04:00  INFO 45120 --- [-server-worker3] d.b.mongo.backend.AbstractMongoBackend   : created database test
2025-06-28T14:15:06.033-04:00  INFO 45120 --- [-server-worker3] d.b.mongo.backend.AbstractMongoDatabase  : adding unique _id index for collection employee
2025-06-28T14:15:06.035-04:00  INFO 45120 --- [-server-worker3] d.b.mongo.backend.AbstractMongoDatabase  : created collection test.employee
2025-06-28T14:15:06.146-04:00  INFO 45120 --- [    Test worker] o.s.b.w.embedded.tomcat.TomcatWebServer  : Tomcat started on port 59704 (http) with context path ''
2025-06-28T14:15:06.150-04:00  INFO 45120 --- [    Test worker] c.m.c.s.impl.EmployeeServiceImplTest     : Started EmployeeServiceImplTest in 0.849 seconds (process running for 1.174)
2025-06-28T14:15:06.537-04:00  INFO 45120 --- [o-auto-1-exec-1] o.a.c.c.C.[Tomcat].[localhost].[/]       : Initializing Spring DispatcherServlet 'dispatcherServlet'
2025-06-28T14:15:06.537-04:00  INFO 45120 --- [o-auto-1-exec-1] o.s.web.servlet.DispatcherServlet        : Initializing Servlet 'dispatcherServlet'
2025-06-28T14:15:06.538-04:00  INFO 45120 --- [o-auto-1-exec-1] o.s.web.servlet.DispatcherServlet        : Completed initialization in 1 ms
2025-06-28T14:15:06.551-04:00 DEBUG 45120 --- [o-auto-1-exec-1] c.m.c.controller.EmployeeController      : Received employee create request for [com.mindex.challenge.data.Employee@689badb5]
2025-06-28T14:15:06.552-04:00 DEBUG 45120 --- [o-auto-1-exec-1] c.m.c.service.impl.EmployeeServiceImpl   : Creating employee [com.mindex.challenge.data.Employee@689badb5]
2025-06-28T14:15:06.562-04:00 DEBUG 45120 --- [o-auto-1-exec-2] c.m.c.controller.EmployeeController      : Received employee create request for id [84daa642-36de-422a-a0b2-dbf45cb84a32]
2025-06-28T14:15:06.562-04:00 DEBUG 45120 --- [o-auto-1-exec-2] c.m.c.service.impl.EmployeeServiceImpl   : Creating employee with id [84daa642-36de-422a-a0b2-dbf45cb84a32]
2025-06-28T14:15:06.579-04:00 DEBUG 45120 --- [o-auto-1-exec-3] c.m.c.controller.EmployeeController      : Received employee create request for id [84daa642-36de-422a-a0b2-dbf45cb84a32] and employee [com.mindex.challenge.data.Employee@156d5c7c]
2025-06-28T14:15:06.579-04:00 DEBUG 45120 --- [o-auto-1-exec-3] c.m.c.service.impl.EmployeeServiceImpl   : Updating employee [com.mindex.challenge.data.Employee@156d5c7c]
]]></system-out>
  <system-err><![CDATA[]]></system-err>
</testsuite>
